<?xml version="1.0" encoding="UTF-8"?>
<!-- Generated by org.testng.reporters.JUnitReportReporter -->
<testsuite skipped="0" hostname="apzz0928-PC" name="HerowarzTest" tests="35" failures="0" timestamp="07 7ì›” 2017 08:00:51 GMT" time="369.049" errors="1">
  <testcase name="F_ranking_c_mflCharacter" time="3.600" classname="HerowarzTest"/>
  <testcase name="E_community_a_freeBoard" time="9.529" classname="HerowarzTest">
    <error type="org.openqa.selenium.WebDriverException" message="unknown error: Cannot read property &#039;click&#039; of undefined
  (Session info: chrome=59.0.3071.115)
  (Driver info: chromedriver=2.29.461591 (62ebf098771772160f391d75e589dc567915b233),platform=Windows NT 10.0.15063 x86_64) (WARNING: The server did not provide any stacktrace information)
Command duration or timeout: 10 milliseconds
Build info: version: &#039;3.4.0&#039;, revision: &#039;unknown&#039;, time: &#039;unknown&#039;
System info: host: &#039;APZZ0928-PC&#039;, ip: &#039;10.10.105.228&#039;, os.name: &#039;Windows 10&#039;, os.arch: &#039;amd64&#039;, os.version: &#039;10.0&#039;, java.version: &#039;1.8.0_131&#039;
Driver info: org.openqa.selenium.chrome.ChromeDriver
Capabilities [{applicationCacheEnabled=false, rotatable=false, mobileEmulationEnabled=false, networkConnectionEnabled=false, chrome={chromedriverVersion=2.29.461591 (62ebf098771772160f391d75e589dc567915b233), userDataDir=C:\Users\ADMINI~1\AppData\Local\Temp\scoped_dir3216_20005}, takesHeapSnapshot=true, pageLoadStrategy=normal, databaseEnabled=false, handlesAlerts=true, hasTouchScreen=false, version=59.0.3071.115, platform=XP, browserConnectionEnabled=false, nativeEvents=true, acceptSslCerts=true, locationContextEnabled=true, webStorageEnabled=true, browserName=chrome, takesScreenshot=true, javascriptEnabled=true, cssSelectorsEnabled=true, unexpectedAlertBehaviour=}]
Session ID: a87cef490a9b458e7519c4749910e43f">
      <![CDATA[org.openqa.selenium.WebDriverException: unknown error: Cannot read property 'click' of undefined
  (Session info: chrome=59.0.3071.115)
  (Driver info: chromedriver=2.29.461591 (62ebf098771772160f391d75e589dc567915b233),platform=Windows NT 10.0.15063 x86_64) (WARNING: The server did not provide any stacktrace information)
Command duration or timeout: 10 milliseconds
Build info: version: '3.4.0', revision: 'unknown', time: 'unknown'
System info: host: 'APZZ0928-PC', ip: '10.10.105.228', os.name: 'Windows 10', os.arch: 'amd64', os.version: '10.0', java.version: '1.8.0_131'
Driver info: org.openqa.selenium.chrome.ChromeDriver
Capabilities [{applicationCacheEnabled=false, rotatable=false, mobileEmulationEnabled=false, networkConnectionEnabled=false, chrome={chromedriverVersion=2.29.461591 (62ebf098771772160f391d75e589dc567915b233), userDataDir=C:\Users\ADMINI~1\AppData\Local\Temp\scoped_dir3216_20005}, takesHeapSnapshot=true, pageLoadStrategy=normal, databaseEnabled=false, handlesAlerts=true, hasTouchScreen=false, version=59.0.3071.115, platform=XP, browserConnectionEnabled=false, nativeEvents=true, acceptSslCerts=true, locationContextEnabled=true, webStorageEnabled=true, browserName=chrome, takesScreenshot=true, javascriptEnabled=true, cssSelectorsEnabled=true, unexpectedAlertBehaviour=}]
Session ID: a87cef490a9b458e7519c4749910e43f
	at sun.reflect.NativeConstructorAccessorImpl.newInstance0(Native Method)
	at sun.reflect.NativeConstructorAccessorImpl.newInstance(Unknown Source)
	at sun.reflect.DelegatingConstructorAccessorImpl.newInstance(Unknown Source)
	at java.lang.reflect.Constructor.newInstance(Unknown Source)
	at org.openqa.selenium.remote.ErrorHandler.createThrowable(ErrorHandler.java:215)
	at org.openqa.selenium.remote.ErrorHandler.throwIfResponseFailed(ErrorHandler.java:167)
	at org.openqa.selenium.remote.RemoteWebDriver.execute(RemoteWebDriver.java:671)
	at org.openqa.selenium.remote.RemoteWebDriver.executeScript(RemoteWebDriver.java:573)
	at HerowarzTest.boardDelete(HerowarzTest.java:198)
	at HerowarzTest.E_community_a_freeBoard(HerowarzTest.java:581)
	at sun.reflect.NativeMethodAccessorImpl.invoke0(Native Method)
	at sun.reflect.NativeMethodAccessorImpl.invoke(Unknown Source)
	at sun.reflect.DelegatingMethodAccessorImpl.invoke(Unknown Source)
	at java.lang.reflect.Method.invoke(Unknown Source)
	at org.testng.internal.MethodInvocationHelper.invokeMethod(MethodInvocationHelper.java:108)
	at org.testng.internal.Invoker.invokeMethod(Invoker.java:661)
	at org.testng.internal.Invoker.invokeTestMethod(Invoker.java:869)
	at org.testng.internal.Invoker.invokeTestMethods(Invoker.java:1193)
	at org.testng.internal.TestMethodWorker.invokeTestMethods(TestMethodWorker.java:126)
	at org.testng.internal.TestMethodWorker.run(TestMethodWorker.java:109)
	at org.testng.TestRunner.privateRun(TestRunner.java:744)
	at org.testng.TestRunner.run(TestRunner.java:602)
	at org.testng.SuiteRunner.runTest(SuiteRunner.java:380)
	at org.testng.SuiteRunner.runSequentially(SuiteRunner.java:375)
	at org.testng.SuiteRunner.privateRun(SuiteRunner.java:340)
	at org.testng.SuiteRunner.run(SuiteRunner.java:289)
	at org.testng.SuiteRunnerWorker.runSuite(SuiteRunnerWorker.java:52)
	at org.testng.SuiteRunnerWorker.run(SuiteRunnerWorker.java:86)
	at org.testng.TestNG.runSuitesSequentially(TestNG.java:1301)
	at org.testng.TestNG.runSuitesLocally(TestNG.java:1226)
	at org.testng.TestNG.runSuites(TestNG.java:1144)
	at org.testng.TestNG.run(TestNG.java:1115)
	at org.testng.remote.AbstractRemoteTestNG.run(AbstractRemoteTestNG.java:132)
	at org.testng.remote.RemoteTestNG.initAndRun(RemoteTestNG.java:230)
	at org.testng.remote.RemoteTestNG.main(RemoteTestNG.java:76)
]]>
    </error>
  </testcase> <!-- E_community_a_freeBoard -->
  <testcase name="B_recent_f_pinkDiary" time="3.640" classname="HerowarzTest"/>
  <testcase name="C_about_a_herowarz" time="2.923" classname="HerowarzTest"/>
  <testcase name="H_cs_b_inquiry" time="11.425" classname="HerowarzTest"/>
  <testcase name="D_gameGuide_a_beginner" time="7.659" classname="HerowarzTest"/>
  <testcase name="G_download_c_gallery" time="6.378" classname="HerowarzTest"/>
  <testcase name="B_recent_d_eventList" time="4.173" classname="HerowarzTest"/>
  <testcase name="F_ranking_d_mflCharacter" time="3.508" classname="HerowarzTest"/>
  <testcase name="C_about_d_chronicle" time="2.207" classname="HerowarzTest"/>
  <testcase name="F_ranking_h_raid" time="3.475" classname="HerowarzTest"/>
  <testcase name="F_ranking_i_tryRaid" time="3.476" classname="HerowarzTest"/>
  <testcase name="G_download_a_download" time="3.111" classname="HerowarzTest"/>
  <testcase name="F_ranking_a_corps" time="3.648" classname="HerowarzTest"/>
  <testcase name="E_community_c_getItem" time="49.517" classname="HerowarzTest"/>
  <testcase name="C_about_b_character" time="20.441" classname="HerowarzTest"/>
  <testcase name="B_recent_b_update" time="3.579" classname="HerowarzTest"/>
  <testcase name="E_community_b_strategy" time="32.633" classname="HerowarzTest"/>
  <testcase name="F_ranking_g_pantheon" time="3.536" classname="HerowarzTest"/>
  <testcase name="B_recent_c_avatarsale" time="12.746" classname="HerowarzTest"/>
  <testcase name="B_recent_g_costumePlay" time="3.616" classname="HerowarzTest"/>
  <testcase name="F_ranking_f_backdraft" time="3.480" classname="HerowarzTest"/>
  <testcase name="G_download_d_wallpaper" time="5.061" classname="HerowarzTest"/>
  <testcase name="G_download_b_movie" time="21.027" classname="HerowarzTest"/>
  <testcase name="A_Login" time="5.516" classname="HerowarzTest"/>
  <testcase name="E_community_d_collection" time="49.755" classname="HerowarzTest"/>
  <testcase name="C_about_c_map" time="3.460" classname="HerowarzTest"/>
  <testcase name="B_recent_e_secretNote" time="6.390" classname="HerowarzTest"/>
  <testcase name="H_cs_a_faq" time="4.980" classname="HerowarzTest"/>
  <testcase name="F_ranking_e_libaration" time="11.314" classname="HerowarzTest"/>
  <testcase name="E_community_e_fanArt" time="49.090" classname="HerowarzTest"/>
  <testcase name="B_recent_h_herowarzTv" time="3.544" classname="HerowarzTest"/>
  <testcase name="G_download_e_kit" time="3.292" classname="HerowarzTest"/>
  <testcase name="F_ranking_b_character" time="3.557" classname="HerowarzTest"/>
  <testcase name="B_recent_a_notice" time="3.763" classname="HerowarzTest"/>
</testsuite> <!-- HerowarzTest -->
